Loaded dependency [python3/3.7.11]: gcc/10.3.0-binutils-2.36.1
Loaded module: python3/3.7.11

Loading python3/3.7.11
  Loading requirement: gcc/10.3.0-binutils-2.36.1
Loaded module: cuda/10.2
WARNING: Value for scheme.headers does not match. Please report this to <https://github.com/pypa/pip/issues/9617>
distutils: /appl/python/3.7.11/include/python3.7m/UNKNOWN
sysconfig: /appl/python/3.7.11/include/python3.7m
WARNING: Additional context:
user = False
home = None
root = None
prefix = None
  WARNING: Value for scheme.headers does not match. Please report this to <https://github.com/pypa/pip/issues/9617>
  distutils: /zhome/ab/5/122123/.local/include/python3.7m/smmap
  sysconfig: /zhome/ab/5/122123/.local/include/python3.7/smmap
  WARNING: Additional context:
  user = True
  home = None
  root = None
  prefix = None
  WARNING: Value for scheme.headers does not match. Please report this to <https://github.com/pypa/pip/issues/9617>
  distutils: /zhome/ab/5/122123/.local/include/python3.7m/gitdb
  sysconfig: /zhome/ab/5/122123/.local/include/python3.7/gitdb
  WARNING: Additional context:
  user = True
  home = None
  root = None
  prefix = None
  WARNING: Value for scheme.headers does not match. Please report this to <https://github.com/pypa/pip/issues/9617>
  distutils: /zhome/ab/5/122123/.local/include/python3.7m/urllib3
  sysconfig: /zhome/ab/5/122123/.local/include/python3.7/urllib3
  WARNING: Additional context:
  user = True
  home = None
  root = None
  prefix = None
  WARNING: Value for scheme.headers does not match. Please report this to <https://github.com/pypa/pip/issues/9617>
  distutils: /zhome/ab/5/122123/.local/include/python3.7m/pyyaml
  sysconfig: /zhome/ab/5/122123/.local/include/python3.7/pyyaml
  WARNING: Additional context:
  user = True
  home = None
  root = None
  prefix = None
  WARNING: Value for scheme.headers does not match. Please report this to <https://github.com/pypa/pip/issues/9617>
  distutils: /zhome/ab/5/122123/.local/include/python3.7m/idna
  sysconfig: /zhome/ab/5/122123/.local/include/python3.7/idna
  WARNING: Additional context:
  user = True
  home = None
  root = None
  prefix = None
  WARNING: Value for scheme.headers does not match. Please report this to <https://github.com/pypa/pip/issues/9617>
  distutils: /zhome/ab/5/122123/.local/include/python3.7m/gitpython
  sysconfig: /zhome/ab/5/122123/.local/include/python3.7/gitpython
  WARNING: Additional context:
  user = True
  home = None
  root = None
  prefix = None
  WARNING: Value for scheme.headers does not match. Please report this to <https://github.com/pypa/pip/issues/9617>
  distutils: /zhome/ab/5/122123/.local/include/python3.7m/charset-normalizer
  sysconfig: /zhome/ab/5/122123/.local/include/python3.7/charset-normalizer
  WARNING: Additional context:
  user = True
  home = None
  root = None
  prefix = None
  WARNING: The script normalizer is installed in '/zhome/ab/5/122123/.local/bin' which is not on PATH.
  Consider adding this directory to PATH or, if you prefer to suppress this warning, use --no-warn-script-location.
  WARNING: Value for scheme.headers does not match. Please report this to <https://github.com/pypa/pip/issues/9617>
  distutils: /zhome/ab/5/122123/.local/include/python3.7m/certifi
  sysconfig: /zhome/ab/5/122123/.local/include/python3.7/certifi
  WARNING: Additional context:
  user = True
  home = None
  root = None
  prefix = None
  WARNING: Value for scheme.headers does not match. Please report this to <https://github.com/pypa/pip/issues/9617>
  distutils: /zhome/ab/5/122123/.local/include/python3.7m/tqdm
  sysconfig: /zhome/ab/5/122123/.local/include/python3.7/tqdm
  WARNING: Additional context:
  user = True
  home = None
  root = None
  prefix = None
  WARNING: The script tqdm is installed in '/zhome/ab/5/122123/.local/bin' which is not on PATH.
  Consider adding this directory to PATH or, if you prefer to suppress this warning, use --no-warn-script-location.
  WARNING: Value for scheme.headers does not match. Please report this to <https://github.com/pypa/pip/issues/9617>
  distutils: /zhome/ab/5/122123/.local/include/python3.7m/torch
  sysconfig: /zhome/ab/5/122123/.local/include/python3.7/torch
  WARNING: Additional context:
  user = True
  home = None
  root = None
  prefix = None
  WARNING: The scripts convert-caffe2-to-onnx, convert-onnx-to-caffe2 and torchrun are installed in '/zhome/ab/5/122123/.local/bin' which is not on PATH.
  Consider adding this directory to PATH or, if you prefer to suppress this warning, use --no-warn-script-location.
  WARNING: Value for scheme.headers does not match. Please report this to <https://github.com/pypa/pip/issues/9617>
  distutils: /zhome/ab/5/122123/.local/include/python3.7m/requests
  sysconfig: /zhome/ab/5/122123/.local/include/python3.7/requests
  WARNING: Additional context:
  user = True
  home = None
  root = None
  prefix = None
  WARNING: Value for scheme.headers does not match. Please report this to <https://github.com/pypa/pip/issues/9617>
  distutils: /zhome/ab/5/122123/.local/include/python3.7m/labml
  sysconfig: /zhome/ab/5/122123/.local/include/python3.7/labml
  WARNING: Additional context:
  user = True
  home = None
  root = None
  prefix = None
  WARNING: The script labml is installed in '/zhome/ab/5/122123/.local/bin' which is not on PATH.
  Consider adding this directory to PATH or, if you prefer to suppress this warning, use --no-warn-script-location.
  WARNING: Value for scheme.headers does not match. Please report this to <https://github.com/pypa/pip/issues/9617>
  distutils: /zhome/ab/5/122123/.local/include/python3.7m/importlib-metadata
  sysconfig: /zhome/ab/5/122123/.local/include/python3.7/importlib-metadata
  WARNING: Additional context:
  user = True
  home = None
  root = None
  prefix = None
  WARNING: Value for scheme.headers does not match. Please report this to <https://github.com/pypa/pip/issues/9617>
  distutils: /zhome/ab/5/122123/.local/include/python3.7m/torchvision
  sysconfig: /zhome/ab/5/122123/.local/include/python3.7/torchvision
  WARNING: Additional context:
  user = True
  home = None
  root = None
  prefix = None
  WARNING: Value for scheme.headers does not match. Please report this to <https://github.com/pypa/pip/issues/9617>
  distutils: /zhome/ab/5/122123/.local/include/python3.7m/torchtext
  sysconfig: /zhome/ab/5/122123/.local/include/python3.7/torchtext
  WARNING: Additional context:
  user = True
  home = None
  root = None
  prefix = None
  WARNING: Value for scheme.headers does not match. Please report this to <https://github.com/pypa/pip/issues/9617>
  distutils: /zhome/ab/5/122123/.local/include/python3.7m/labml-helpers
  sysconfig: /zhome/ab/5/122123/.local/include/python3.7/labml-helpers
  WARNING: Additional context:
  user = True
  home = None
  root = None
  prefix = None
  WARNING: Value for scheme.headers does not match. Please report this to <https://github.com/pypa/pip/issues/9617>
  distutils: /zhome/ab/5/122123/.local/include/python3.7m/einops
  sysconfig: /zhome/ab/5/122123/.local/include/python3.7/einops
  WARNING: Additional context:
  user = True
  home = None
  root = None
  prefix = None
  WARNING: Value for scheme.headers does not match. Please report this to <https://github.com/pypa/pip/issues/9617>
  distutils: /zhome/ab/5/122123/.local/include/python3.7m/labml-nn
  sysconfig: /zhome/ab/5/122123/.local/include/python3.7/labml-nn
  WARNING: Additional context:
  user = True
  home = None
  root = None
  prefix = None
WARNING: Value for scheme.headers does not match. Please report this to <https://github.com/pypa/pip/issues/9617>
distutils: /zhome/ab/5/122123/.local/include/python3.7m/UNKNOWN
sysconfig: /zhome/ab/5/122123/.local/include/python3.7
WARNING: Additional context:
user = True
home = None
root = None
prefix = None
WARNING: You are using pip version 21.1; however, version 21.3.1 is available.
You should consider upgrading via the '/appl/python/3.7.11/bin/python3 -m pip install --upgrade pip' command.
