Loaded dependency [python3/3.7.11]: gcc/10.3.0-binutils-2.36.1
Loaded module: python3/3.7.11

Loading python3/3.7.11
  Loading requirement: gcc/10.3.0-binutils-2.36.1
Loaded module: cuda/10.2
WARNING: Value for scheme.headers does not match. Please report this to <https://github.com/pypa/pip/issues/9617>
distutils: /appl/python/3.7.11/include/python3.7m/UNKNOWN
sysconfig: /appl/python/3.7.11/include/python3.7m
WARNING: Additional context:
user = False
home = None
root = None
prefix = None
  WARNING: Value for scheme.headers does not match. Please report this to <https://github.com/pypa/pip/issues/9617>
  distutils: /zhome/00/8/138461/.local/include/python3.7m/importlib-metadata
  sysconfig: /zhome/00/8/138461/.local/include/python3.7/importlib-metadata
  WARNING: Additional context:
  user = True
  home = None
  root = None
  prefix = None
WARNING: Value for scheme.headers does not match. Please report this to <https://github.com/pypa/pip/issues/9617>
distutils: /zhome/00/8/138461/.local/include/python3.7m/UNKNOWN
sysconfig: /zhome/00/8/138461/.local/include/python3.7
WARNING: Additional context:
user = True
home = None
root = None
prefix = None
WARNING: You are using pip version 21.1; however, version 21.3.1 is available.
You should consider upgrading via the '/appl/python/3.7.11/bin/python3 -m pip install --upgrade pip' command.
Traceback (most recent call last):
  File "baselineModel.py", line 137, in <module>
    next_obs, reward, done, info = env.step(action)
  File "/zhome/00/8/138461/proj/Deep-Learning-Project/utils.py", line 257, in step
    return self.step_wait()
  File "/zhome/00/8/138461/proj/Deep-Learning-Project/utils.py", line 530, in step_wait
    obs, reward, done, info = self.venv.step_wait()
  File "/zhome/00/8/138461/proj/Deep-Learning-Project/utils.py", line 512, in step_wait
    obs, reward, done, info = self.venv.step_wait()
  File "/zhome/00/8/138461/proj/Deep-Learning-Project/utils.py", line 497, in step_wait
    obs, reward, done, info = self.venv.step_wait()
  File "/zhome/00/8/138461/proj/Deep-Learning-Project/utils.py", line 465, in step_wait
    obs, rews, news, infos = self.venv.step_wait()
  File "/zhome/00/8/138461/proj/Deep-Learning-Project/utils.py", line 338, in step_wait
    obs, rews, dones, infos = self.venv.step_wait()
  File "/zhome/00/8/138461/.local/lib/python3.7/site-packages/gym3/interop.py", line 324, in step_wait
    return ob, rew, first, self.env.get_info()
  File "/zhome/00/8/138461/.local/lib/python3.7/site-packages/gym3/libenv.py", line 366, in get_info
    info = self._maybe_copy_dict(self._info)
  File "/zhome/00/8/138461/.local/lib/python3.7/site-packages/gym3/libenv.py", line 291, in _maybe_copy_dict
    result[name] = arr.copy()
KeyboardInterrupt
